SpYNNakerNeuronGraphNetworkSpecificationReport skipped as cfg Reports:write_network_graph is False
Network Specification report took 0:00:00.000317 
Splitter reset took 0:00:00.000011 
Spynnaker splitter selector took 0:00:00.000220 
DelaySupportAdder took 0:00:00.000338 
Splitter partitioner took 0:00:00.001237 
Machine generator took 0:00:00.020580 
Json machine skipped as cfg Reports:write_json_machine is False
Board chip report took 0:00:00.000521 
Command Sender Adder took 0:00:00.000172 
Split Live Gather Vertices took 0:00:00.000013 
Insert chip power monitors skipped as cfg Reports:write_energy_report is False
Insert extra monitor vertices took 0:00:00.000016 
Partitioner report took 0:00:00.000421 
Local TDMA builder took 0:00:00.000092 
Application Placer took 0:00:00.000568 
Placements wth application graph report took 0:00:00.001058 
Json placements skipped as cfg Reports:write_json_placements is False
System multicast routing generator took 0:00:00.000354 
Fixed route router took 0:00:00.000245 
Application Router took 0:00:00.000677 
Basic tag allocator took 0:00:00.000311 
Tag allocator report took 0:00:00.000369 
Zoned routing info allocator took 0:00:00.000474 
Router info report took 0:00:00.000430 
Merged routing table generator took 0:00:00.000249 
Uncompressed routing table report took 0:00:00.000530 
Router report skipped as cfg Reports:write_router_reports is False
Router summary report skipped as cfg Reports:write_router_summary_report is False
Json routing tables skipped as cfg Reports:write_json_routing_tables is False
Locate executable start type took 0:00:00.000190 
Buffer manager creator took 0:00:00.000052 
Write Neo Metadata took 0:00:00.014397 
Record vertex labels to database took 0:00:00.002125 
Routing setup took 0:00:00.001911 
Graph binary gatherer took 0:00:00.000666 
Pair on chip router compression skipped as Tables already small enough
SDRAM outgoing partition allocator took 0:00:00.000172 
Graph data specification writer took 0:00:00.044666 
Control Sync took 0:00:00.000292 
Load fixed routes took 0:00:00.001188 
Load system data specification took 0:00:00.017669 
Load executable system Images took 0:00:00.078247 
Tags Loader took 0:00:00.004235 
Load Application data specification took 0:00:00.407219 
Neuron expander took 0:00:00.563531 
Synapse expander took 0:00:00.582044 
Finish connection holders took 0:00:00.000615 
Routing table loader took 0:00:00.001249 
Bitfield compressor report skipped as cfg Reports:write_bit_field_compressor_report is False
Tags from machine report took 0:00:00.004262 
Memory report skipped as cfg Reports:write_memory_map_report is False
Memory report skipped as cfg Reports:write_memory_map_report is False
Compressor report took 0:00:00.001688 
Fixed route report took 0:00:00.001496 
Load executable app images took 0:00:00.115273 
Sdram usage per chip report took 0:00:00.001559 
Drift report skipped as cfg Reports:write_drift_report_start is False
Create database interface took 0:00:00.038038 
Create notification protocol took 0:00:00.000694 
Runtime Update took 0:00:00.021353 
Application runner took 0:00:01.220235 
Extract IO buff skipped as cfg Reports:extract_iobuf is False
Buffer extractor took 0:00:00.029147 
Clear IO buffer took 0:00:00.000542 
Graph provenance gatherer took 0:00:00.010337 
Placements provenance gatherer took 0:00:00.060996 
Router provenance gatherer took 0:00:00.037056 
Profile data gatherer took 0:00:00.001025 
Energy report skipped as cfg Reports:write_energy_report is False
Redundant packet count report took 0:00:00.004185 
Drift report skipped as cfg Reports:write_drift_report_end is False
Control Sync took 0:00:00.000222 
