SpYNNakerNeuronGraphNetworkSpecificationReport skipped as cfg Reports:write_network_graph is False
Network Specification report took 0:00:00.000299 
Splitter reset took 0:00:00.000011 
Spynnaker splitter selector took 0:00:00.000216 
DelaySupportAdder took 0:00:00.000325 
Splitter partitioner took 0:00:00.001251 
Machine generator took 0:00:00.020579 
Json machine skipped as cfg Reports:write_json_machine is False
Board chip report took 0:00:00.000547 
Command Sender Adder took 0:00:00.000173 
Split Live Gather Vertices took 0:00:00.000011 
Insert chip power monitors skipped as cfg Reports:write_energy_report is False
Insert extra monitor vertices took 0:00:00.000015 
Partitioner report took 0:00:00.000451 
Local TDMA builder took 0:00:00.000084 
Application Placer took 0:00:00.000550 
Placements wth application graph report took 0:00:00.001029 
Json placements skipped as cfg Reports:write_json_placements is False
System multicast routing generator took 0:00:00.000356 
Fixed route router took 0:00:00.000242 
Application Router took 0:00:00.000692 
Basic tag allocator took 0:00:00.000298 
Tag allocator report took 0:00:00.000378 
Zoned routing info allocator took 0:00:00.000480 
Router info report took 0:00:00.000444 
Merged routing table generator took 0:00:00.000232 
Uncompressed routing table report took 0:00:00.000518 
Router report skipped as cfg Reports:write_router_reports is False
Router summary report skipped as cfg Reports:write_router_summary_report is False
Json routing tables skipped as cfg Reports:write_json_routing_tables is False
Locate executable start type took 0:00:00.000090 
Buffer manager creator took 0:00:00.000036 
Write Neo Metadata took 0:00:00.017193 
Record vertex labels to database took 0:00:00.002487 
Routing setup took 0:00:00.002149 
Graph binary gatherer took 0:00:00.000684 
Pair on chip router compression skipped as Tables already small enough
SDRAM outgoing partition allocator took 0:00:00.000179 
Graph data specification writer took 0:00:00.048490 
Control Sync took 0:00:00.000273 
Load fixed routes took 0:00:00.001351 
Load system data specification took 0:00:00.017517 
Load executable system Images took 0:00:00.079590 
Tags Loader took 0:00:00.003185 
Load Application data specification took 0:00:00.412890 
Neuron expander took 0:00:00.567742 
Synapse expander took 0:00:00.584910 
Finish connection holders took 0:00:00.000387 
Routing table loader took 0:00:00.001259 
Bitfield compressor report skipped as cfg Reports:write_bit_field_compressor_report is False
Tags from machine report took 0:00:00.002338 
Memory report skipped as cfg Reports:write_memory_map_report is False
Memory report skipped as cfg Reports:write_memory_map_report is False
Compressor report took 0:00:00.020609 
Fixed route report took 0:00:00.001450 
Load executable app images took 0:00:00.116377 
Sdram usage per chip report took 0:00:00.001572 
Drift report skipped as cfg Reports:write_drift_report_start is False
Create database interface took 0:00:00.039892 
Create notification protocol took 0:00:00.000739 
Runtime Update took 0:00:00.021204 
Application runner took 0:00:01.212675 
Extract IO buff skipped as cfg Reports:extract_iobuf is False
Buffer extractor took 0:00:00.026557 
Clear IO buffer took 0:00:00.000527 
Graph provenance gatherer took 0:00:00.009735 
Placements provenance gatherer took 0:00:00.056354 
Router provenance gatherer took 0:00:00.036288 
Profile data gatherer took 0:00:00.001313 
Energy report skipped as cfg Reports:write_energy_report is False
Redundant packet count report took 0:00:00.004159 
Drift report skipped as cfg Reports:write_drift_report_end is False
Control Sync took 0:00:00.000247 
