SpYNNakerNeuronGraphNetworkSpecificationReport skipped as cfg Reports:write_network_graph is False
Network Specification report took 0:00:00.000244 
Splitter reset took 0:00:00.000005 
Spynnaker splitter selector took 0:00:00.000117 
DelaySupportAdder took 0:00:00.000171 
Splitter partitioner took 0:00:00.000623 
Machine generator took 0:00:00.013356 
Json machine skipped as cfg Reports:write_json_machine is False
Board chip report took 0:00:00.000339 
Command Sender Adder took 0:00:00.000089 
Split Live Gather Vertices took 0:00:00.000005 
Insert chip power monitors skipped as cfg Reports:write_energy_report is False
Insert extra monitor vertices took 0:00:00.000008 
Partitioner report took 0:00:00.000317 
Local TDMA builder took 0:00:00.000033 
Application Placer took 0:00:00.000272 
Placements wth application graph report took 0:00:00.000684 
Json placements skipped as cfg Reports:write_json_placements is False
System multicast routing generator took 0:00:00.000200 
Fixed route router took 0:00:00.000120 
Application Router took 0:00:00.000286 
Basic tag allocator took 0:00:00.000136 
Tag allocator report took 0:00:00.000265 
Zoned routing info allocator took 0:00:00.000234 
Router info report took 0:00:00.000304 
Merged routing table generator took 0:00:00.000114 
Uncompressed routing table report took 0:00:00.000392 
Router report skipped as cfg Reports:write_router_reports is False
Router summary report skipped as cfg Reports:write_router_summary_report is False
Json routing tables skipped as cfg Reports:write_json_routing_tables is False
Locate executable start type took 0:00:00.000040 
Buffer manager creator took 0:00:00.000021 
Write Neo Metadata took 0:00:00.012412 
Record vertex labels to database took 0:00:00.002331 
Routing setup took 0:00:00.001931 
Graph binary gatherer took 0:00:00.000414 
Pair on chip router compression skipped as Tables already small enough
SDRAM outgoing partition allocator took 0:00:00.000093 
Graph data specification writer took 0:00:00.043837 
Control Sync took 0:00:00.000184 
Load fixed routes took 0:00:00.768194 
Load system data specification took 0:00:00.355581 
Load executable system Images took 0:00:00.221028 
Tags Loader took 0:00:01.028191 
Load Application data specification took 0:00:00.440144 
Neuron expander took 0:00:00.555269 
Synapse expander took 0:00:00.583842 
Finish connection holders took 0:00:00.000166 
Routing table loader took 0:00:00.000794 
Bitfield compressor report skipped as cfg Reports:write_bit_field_compressor_report is False
Tags from machine report took 0:00:00.002350 
Memory report skipped as cfg Reports:write_memory_map_report is False
Memory report skipped as cfg Reports:write_memory_map_report is False
Compressor report took 0:00:00.002328 
Fixed route report took 0:00:00.027091 
Load executable app images took 0:00:00.112682 
Sdram usage per chip report took 0:00:00.000979 
Drift report skipped as cfg Reports:write_drift_report_start is False
Create database interface took 0:00:00.040805 
Create notification protocol took 0:00:00.000634 
Runtime Update took 0:00:00.021319 
Application runner took 0:00:00.471008 
Extract IO buff skipped as cfg Reports:extract_iobuf is False
Buffer extractor took 0:00:00.018214 
Clear IO buffer took 0:00:00.000421 
Graph provenance gatherer took 0:00:00.009428 
Placements provenance gatherer took 0:00:01.258414 
Router provenance gatherer took 0:00:00.037654 
Profile data gatherer took 0:00:00.398123 
Energy report skipped as cfg Reports:write_energy_report is False
Redundant packet count report took 0:00:00.007841 
Drift report skipped as cfg Reports:write_drift_report_end is False
Control Sync took 0:00:00.038325 
