SpYNNakerNeuronGraphNetworkSpecificationReport skipped as cfg Reports:write_network_graph is False
Network Specification report took 0:00:00.000240 
Splitter reset took 0:00:00.000005 
Spynnaker splitter selector took 0:00:00.000108 
DelaySupportAdder took 0:00:00.000164 
Splitter partitioner took 0:00:00.000615 
Machine generator took 0:00:00.013215 
Json machine skipped as cfg Reports:write_json_machine is False
Board chip report took 0:00:00.000335 
Command Sender Adder took 0:00:00.000086 
Split Live Gather Vertices took 0:00:00.000005 
Insert chip power monitors skipped as cfg Reports:write_energy_report is False
Insert extra monitor vertices took 0:00:00.000007 
Partitioner report took 0:00:00.000279 
Local TDMA builder took 0:00:00.000030 
Application Placer took 0:00:00.000263 
Placements wth application graph report took 0:00:00.000682 
Json placements skipped as cfg Reports:write_json_placements is False
System multicast routing generator took 0:00:00.000192 
Fixed route router took 0:00:00.000111 
Application Router took 0:00:00.000309 
Basic tag allocator took 0:00:00.000130 
Tag allocator report took 0:00:00.000270 
Zoned routing info allocator took 0:00:00.000225 
Router info report took 0:00:00.000317 
Merged routing table generator took 0:00:00.000112 
Uncompressed routing table report took 0:00:00.000397 
Router report skipped as cfg Reports:write_router_reports is False
Router summary report skipped as cfg Reports:write_router_summary_report is False
Json routing tables skipped as cfg Reports:write_json_routing_tables is False
Locate executable start type took 0:00:00.000042 
Buffer manager creator took 0:00:00.000019 
Write Neo Metadata took 0:00:00.012261 
Record vertex labels to database took 0:00:00.002013 
Routing setup took 0:00:00.150225 
Graph binary gatherer took 0:00:00.000968 
Pair on chip router compression skipped as Tables already small enough
SDRAM outgoing partition allocator took 0:00:00.000170 
Graph data specification writer took 0:00:00.059162 
Control Sync took 0:00:00.000291 
Load fixed routes took 0:00:00.100368 
Load system data specification took 0:00:00.506365 
Load executable system Images took 0:00:00.211359 
Tags Loader took 0:00:00.002626 
Load Application data specification took 0:00:00.740582 
Neuron expander took 0:00:00.567771 
Synapse expander took 0:00:00.712108 
Finish connection holders took 0:00:00.000180 
Routing table loader took 0:00:00.000779 
Bitfield compressor report skipped as cfg Reports:write_bit_field_compressor_report is False
Tags from machine report took 0:00:00.027970 
Memory report skipped as cfg Reports:write_memory_map_report is False
Memory report skipped as cfg Reports:write_memory_map_report is False
Compressor report took 0:00:00.001175 
Fixed route report took 0:00:00.001228 
Load executable app images took 0:00:00.109982 
Sdram usage per chip report took 0:00:00.000607 
Drift report skipped as cfg Reports:write_drift_report_start is False
Create database interface took 0:00:00.038974 
Create notification protocol took 0:00:00.000666 
Runtime Update took 0:00:00.021292 
Application runner took 0:00:00.371050 
Extract IO buff skipped as cfg Reports:extract_iobuf is False
Buffer extractor took 0:00:00.015923 
Clear IO buffer took 0:00:00.000354 
Graph provenance gatherer took 0:00:00.007764 
Placements provenance gatherer took 0:00:00.273537 
Router provenance gatherer took 0:00:00.034836 
Profile data gatherer took 0:00:00.317092 
Energy report skipped as cfg Reports:write_energy_report is False
Redundant packet count report took 0:00:00.008154 
Drift report skipped as cfg Reports:write_drift_report_end is False
Control Sync took 0:00:00.000227 
