SpYNNakerNeuronGraphNetworkSpecificationReport skipped as cfg Reports:write_network_graph is False
Network Specification report took 0:00:00.000319 
Splitter reset took 0:00:00.000014 
Spynnaker splitter selector took 0:00:00.000226 
DelaySupportAdder took 0:00:00.000350 
Splitter partitioner took 0:00:00.001282 
Machine generator took 0:00:00.020751 
Json machine skipped as cfg Reports:write_json_machine is False
Board chip report took 0:00:00.000528 
Command Sender Adder took 0:00:00.000172 
Split Live Gather Vertices took 0:00:00.000011 
Insert chip power monitors skipped as cfg Reports:write_energy_report is False
Insert extra monitor vertices took 0:00:00.000018 
Partitioner report took 0:00:00.000433 
Local TDMA builder took 0:00:00.000087 
Application Placer took 0:00:00.000564 
Placements wth application graph report took 0:00:00.001036 
Json placements skipped as cfg Reports:write_json_placements is False
System multicast routing generator took 0:00:00.000352 
Fixed route router took 0:00:00.000237 
Application Router took 0:00:00.000686 
Basic tag allocator took 0:00:00.000306 
Tag allocator report took 0:00:00.000370 
Zoned routing info allocator took 0:00:00.000462 
Router info report took 0:00:00.000439 
Merged routing table generator took 0:00:00.000237 
Uncompressed routing table report took 0:00:00.000530 
Router report skipped as cfg Reports:write_router_reports is False
Router summary report skipped as cfg Reports:write_router_summary_report is False
Json routing tables skipped as cfg Reports:write_json_routing_tables is False
Locate executable start type took 0:00:00.000092 
Buffer manager creator took 0:00:00.000040 
Write Neo Metadata took 0:00:00.013178 
Record vertex labels to database took 0:00:00.002258 
Routing setup took 0:00:00.002517 
Graph binary gatherer took 0:00:00.000680 
Pair on chip router compression skipped as Tables already small enough
SDRAM outgoing partition allocator took 0:00:00.000171 
Graph data specification writer took 0:00:00.047065 
Control Sync took 0:00:00.000242 
Load fixed routes took 0:00:00.000941 
Load system data specification took 0:00:00.017550 
Load executable system Images took 0:00:00.077253 
Tags Loader took 0:00:00.003126 
Load Application data specification took 0:00:00.405810 
Neuron expander took 0:00:00.720731 
Synapse expander took 0:00:00.581682 
Finish connection holders took 0:00:00.000520 
Routing table loader took 0:00:00.001308 
Bitfield compressor report skipped as cfg Reports:write_bit_field_compressor_report is False
Tags from machine report took 0:00:00.004376 
Memory report skipped as cfg Reports:write_memory_map_report is False
Memory report skipped as cfg Reports:write_memory_map_report is False
Compressor report took 0:00:00.007853 
Fixed route report took 0:00:00.001796 
Load executable app images took 0:00:00.112843 
Sdram usage per chip report took 0:00:00.000751 
Drift report skipped as cfg Reports:write_drift_report_start is False
Create database interface took 0:00:00.044225 
Create notification protocol took 0:00:00.000696 
Runtime Update took 0:00:00.021577 
Application runner took 0:00:01.215211 
Extract IO buff skipped as cfg Reports:extract_iobuf is False
Buffer extractor took 0:00:00.026860 
Clear IO buffer took 0:00:00.000641 
Graph provenance gatherer took 0:00:00.010568 
Placements provenance gatherer took 0:00:00.057159 
Router provenance gatherer took 0:00:00.038396 
Profile data gatherer took 0:00:00.001490 
Energy report skipped as cfg Reports:write_energy_report is False
Redundant packet count report took 0:00:00.004401 
Drift report skipped as cfg Reports:write_drift_report_end is False
Control Sync took 0:00:00.000269 
