SpYNNakerNeuronGraphNetworkSpecificationReport skipped as cfg Reports:write_network_graph is False
Network Specification report took 0:00:00.000257 
Splitter reset took 0:00:00.000006 
Spynnaker splitter selector took 0:00:00.000118 
DelaySupportAdder took 0:00:00.000176 
Splitter partitioner took 0:00:00.000612 
Machine generator took 0:00:00.013173 
Json machine skipped as cfg Reports:write_json_machine is False
Board chip report took 0:00:00.000339 
Command Sender Adder took 0:00:00.000083 
Split Live Gather Vertices took 0:00:00.000007 
Insert chip power monitors skipped as cfg Reports:write_energy_report is False
Insert extra monitor vertices took 0:00:00.000008 
Partitioner report took 0:00:00.000292 
Local TDMA builder took 0:00:00.000037 
Application Placer took 0:00:00.000287 
Placements wth application graph report took 0:00:00.000704 
Json placements skipped as cfg Reports:write_json_placements is False
System multicast routing generator took 0:00:00.000192 
Fixed route router took 0:00:00.000175 
Application Router took 0:00:00.000268 
Basic tag allocator took 0:00:00.000134 
Tag allocator report took 0:00:00.000280 
Zoned routing info allocator took 0:00:00.000225 
Router info report took 0:00:00.000300 
Merged routing table generator took 0:00:00.000114 
Uncompressed routing table report took 0:00:00.000386 
Router report skipped as cfg Reports:write_router_reports is False
Router summary report skipped as cfg Reports:write_router_summary_report is False
Json routing tables skipped as cfg Reports:write_json_routing_tables is False
Locate executable start type took 0:00:00.000039 
Buffer manager creator took 0:00:00.000020 
Write Neo Metadata took 0:00:00.012644 
Record vertex labels to database took 0:00:00.002124 
Routing setup took 0:00:00.061763 
Graph binary gatherer took 0:00:00.000499 
Pair on chip router compression skipped as Tables already small enough
SDRAM outgoing partition allocator took 0:00:00.000094 
Graph data specification writer took 0:00:00.043393 
Control Sync took 0:00:00.000481 
Load fixed routes took 0:00:00.239966 
Load system data specification took 0:00:01.143936 
Load executable system Images took 0:00:00.079662 
Tags Loader took 0:00:00.039768 
Load Application data specification took 0:00:00.508217 
Neuron expander took 0:00:00.705569 
Synapse expander took 0:00:00.585851 
Finish connection holders took 0:00:00.000173 
Routing table loader took 0:00:00.000746 
Bitfield compressor report skipped as cfg Reports:write_bit_field_compressor_report is False
Tags from machine report took 0:00:00.001757 
Memory report skipped as cfg Reports:write_memory_map_report is False
Memory report skipped as cfg Reports:write_memory_map_report is False
Compressor report took 0:00:00.001214 
Fixed route report took 0:00:00.001166 
Load executable app images took 0:00:00.110298 
Sdram usage per chip report took 0:00:00.000922 
Drift report skipped as cfg Reports:write_drift_report_start is False
Create database interface took 0:00:00.091436 
Create notification protocol took 0:00:00.000578 
Runtime Update took 0:00:00.021007 
Application runner took 0:00:00.367728 
Extract IO buff skipped as cfg Reports:extract_iobuf is False
Buffer extractor took 0:00:00.022678 
Clear IO buffer took 0:00:00.000322 
Graph provenance gatherer took 0:00:00.007670 
Placements provenance gatherer took 0:00:00.282059 
Router provenance gatherer took 0:00:00.035849 
Profile data gatherer took 0:00:00.109401 
Energy report skipped as cfg Reports:write_energy_report is False
Redundant packet count report took 0:00:00.005494 
Drift report skipped as cfg Reports:write_drift_report_end is False
Control Sync took 0:00:00.000212 
