SpYNNakerNeuronGraphNetworkSpecificationReport skipped as cfg Reports:write_network_graph is False
Network Specification report took 0:00:00.000256 
Splitter reset took 0:00:00.000005 
Spynnaker splitter selector took 0:00:00.000116 
DelaySupportAdder took 0:00:00.000220 
Splitter partitioner took 0:00:00.000683 
Machine generator took 0:00:00.013264 
Json machine skipped as cfg Reports:write_json_machine is False
Board chip report took 0:00:00.000355 
Command Sender Adder took 0:00:00.000091 
Split Live Gather Vertices took 0:00:00.000005 
Insert chip power monitors skipped as cfg Reports:write_energy_report is False
Insert extra monitor vertices took 0:00:00.000009 
Partitioner report took 0:00:00.000308 
Local TDMA builder took 0:00:00.000032 
Application Placer took 0:00:00.000287 
Placements wth application graph report took 0:00:00.000712 
Json placements skipped as cfg Reports:write_json_placements is False
System multicast routing generator took 0:00:00.000196 
Fixed route router took 0:00:00.000110 
Application Router took 0:00:00.000283 
Basic tag allocator took 0:00:00.000136 
Tag allocator report took 0:00:00.000291 
Zoned routing info allocator took 0:00:00.000230 
Router info report took 0:00:00.000296 
Merged routing table generator took 0:00:00.000114 
Uncompressed routing table report took 0:00:00.000385 
Router report skipped as cfg Reports:write_router_reports is False
Router summary report skipped as cfg Reports:write_router_summary_report is False
Json routing tables skipped as cfg Reports:write_json_routing_tables is False
Locate executable start type took 0:00:00.000039 
Buffer manager creator took 0:00:00.000023 
Write Neo Metadata took 0:00:00.012364 
Record vertex labels to database took 0:00:00.001959 
Routing setup took 0:00:00.037992 
Graph binary gatherer took 0:00:00.000534 
Pair on chip router compression skipped as Tables already small enough
SDRAM outgoing partition allocator took 0:00:00.000096 
Graph data specification writer took 0:00:00.042086 
Control Sync took 0:00:00.000185 
Load fixed routes took 0:00:00.039380 
Load system data specification took 0:00:00.209379 
Load executable system Images took 0:00:00.218260 
Tags Loader took 0:00:00.011058 
Load Application data specification took 0:00:00.408928 
Neuron expander took 0:00:00.569410 
Synapse expander took 0:00:00.574335 
Finish connection holders took 0:00:00.000170 
Routing table loader took 0:00:00.001024 
Bitfield compressor report skipped as cfg Reports:write_bit_field_compressor_report is False
Tags from machine report took 0:00:00.001965 
Memory report skipped as cfg Reports:write_memory_map_report is False
Memory report skipped as cfg Reports:write_memory_map_report is False
Compressor report took 0:00:00.001177 
Fixed route report took 0:00:00.683824 
Load executable app images took 0:00:00.116407 
Sdram usage per chip report took 0:00:00.000944 
Drift report skipped as cfg Reports:write_drift_report_start is False
Create database interface took 0:00:00.038768 
Create notification protocol took 0:00:00.000755 
Runtime Update took 0:00:00.021172 
Application runner took 0:00:00.355643 
Extract IO buff skipped as cfg Reports:extract_iobuf is False
Buffer extractor took 0:00:00.022590 
Clear IO buffer took 0:00:00.000324 
Graph provenance gatherer took 0:00:00.009997 
Placements provenance gatherer took 0:00:00.051955 
Router provenance gatherer took 0:00:00.034977 
Profile data gatherer took 0:00:00.000738 
Energy report skipped as cfg Reports:write_energy_report is False
Redundant packet count report took 0:00:00.003948 
Drift report skipped as cfg Reports:write_drift_report_end is False
Control Sync took 0:00:00.001400 
