SpYNNakerNeuronGraphNetworkSpecificationReport skipped as cfg Reports:write_network_graph is False
Network Specification report took 0:00:00.000268 
Splitter reset took 0:00:00.000007 
Spynnaker splitter selector took 0:00:00.000118 
DelaySupportAdder took 0:00:00.000188 
Splitter partitioner took 0:00:00.000643 
Machine generator took 0:00:00.013903 
Json machine skipped as cfg Reports:write_json_machine is False
Board chip report took 0:00:00.000345 
Command Sender Adder took 0:00:00.000086 
Split Live Gather Vertices took 0:00:00.000006 
Insert chip power monitors skipped as cfg Reports:write_energy_report is False
Insert extra monitor vertices took 0:00:00.000008 
Partitioner report took 0:00:00.000315 
Local TDMA builder took 0:00:00.000034 
Application Placer took 0:00:00.000279 
Placements wth application graph report took 0:00:00.000701 
Json placements skipped as cfg Reports:write_json_placements is False
System multicast routing generator took 0:00:00.000201 
Fixed route router took 0:00:00.000115 
Application Router took 0:00:00.000291 
Basic tag allocator took 0:00:00.000132 
Tag allocator report took 0:00:00.000269 
Zoned routing info allocator took 0:00:00.000231 
Router info report took 0:00:00.000318 
Merged routing table generator took 0:00:00.000114 
Uncompressed routing table report took 0:00:00.000398 
Router report skipped as cfg Reports:write_router_reports is False
Router summary report skipped as cfg Reports:write_router_summary_report is False
Json routing tables skipped as cfg Reports:write_json_routing_tables is False
Locate executable start type took 0:00:00.000046 
Buffer manager creator took 0:00:00.000024 
Write Neo Metadata took 0:00:00.017352 
Record vertex labels to database took 0:00:00.002318 
Routing setup took 0:00:00.170216 
Graph binary gatherer took 0:00:00.001524 
Pair on chip router compression skipped as Tables already small enough
SDRAM outgoing partition allocator took 0:00:00.000183 
Graph data specification writer took 0:00:00.062822 
Control Sync took 0:00:00.000190 
Load fixed routes took 0:00:00.095432 
Load system data specification took 0:00:00.300628 
Load executable system Images took 0:00:00.210832 
Tags Loader took 0:00:00.002168 
Load Application data specification took 0:00:00.477333 
Neuron expander took 0:00:00.651512 
Synapse expander took 0:00:00.706601 
Finish connection holders took 0:00:00.000190 
Routing table loader took 0:00:00.000905 
Bitfield compressor report skipped as cfg Reports:write_bit_field_compressor_report is False
Tags from machine report took 0:00:00.001782 
Memory report skipped as cfg Reports:write_memory_map_report is False
Memory report skipped as cfg Reports:write_memory_map_report is False
Compressor report took 0:00:00.001200 
Fixed route report took 0:00:00.001322 
Load executable app images took 0:00:00.108305 
Sdram usage per chip report took 0:00:00.000506 
Drift report skipped as cfg Reports:write_drift_report_start is False
Create database interface took 0:00:00.035012 
Create notification protocol took 0:00:00.000535 
Runtime Update took 0:00:00.021298 
Application runner exited with KeyboardInterrupt after 0:00:00.206333
