SpYNNakerNeuronGraphNetworkSpecificationReport skipped as cfg Reports:write_network_graph is False
Network Specification report took 0:00:00.000292 
Splitter reset took 0:00:00.000007 
Spynnaker splitter selector took 0:00:00.000124 
DelaySupportAdder took 0:00:00.000181 
Splitter partitioner took 0:00:00.000664 
Machine generator took 0:00:00.170778 
Json machine skipped as cfg Reports:write_json_machine is False
Board chip report took 0:00:00.000679 
Command Sender Adder took 0:00:00.000190 
Split Live Gather Vertices took 0:00:00.000009 
Insert chip power monitors skipped as cfg Reports:write_energy_report is False
Insert extra monitor vertices took 0:00:00.000012 
Partitioner report took 0:00:00.000354 
Local TDMA builder took 0:00:00.000047 
Application Placer took 0:00:00.000331 
Placements wth application graph report took 0:00:00.000828 
Json placements skipped as cfg Reports:write_json_placements is False
System multicast routing generator took 0:00:00.000236 
Fixed route router took 0:00:00.000139 
Application Router took 0:00:00.000323 
Basic tag allocator took 0:00:00.000160 
Tag allocator report took 0:00:00.000309 
Zoned routing info allocator took 0:00:00.000254 
Router info report took 0:00:00.000367 
Merged routing table generator took 0:00:00.000133 
Uncompressed routing table report took 0:00:00.000444 
Router report skipped as cfg Reports:write_router_reports is False
Router summary report skipped as cfg Reports:write_router_summary_report is False
Json routing tables skipped as cfg Reports:write_json_routing_tables is False
Locate executable start type took 0:00:00.000049 
Buffer manager creator took 0:00:00.000030 
Write Neo Metadata took 0:00:00.017441 
Record vertex labels to database took 0:00:00.002697 
Routing setup took 0:00:00.051365 
Graph binary gatherer took 0:00:00.000463 
Pair on chip router compression skipped as Tables already small enough
SDRAM outgoing partition allocator took 0:00:00.000103 
Graph data specification writer took 0:00:00.053883 
Control Sync took 0:00:00.000206 
Load fixed routes took 0:00:00.001559 
Load system data specification took 0:00:00.826430 
Load executable system Images took 0:00:00.219787 
Tags Loader took 0:00:00.003140 
Load Application data specification took 0:00:01.231943 
Neuron expander took 0:00:00.562986 
Synapse expander took 0:00:00.724858 
Finish connection holders took 0:00:00.000098 
Routing table loader took 0:00:00.000476 
Bitfield compressor report skipped as cfg Reports:write_bit_field_compressor_report is False
Tags from machine report took 0:00:00.001752 
Memory report skipped as cfg Reports:write_memory_map_report is False
Memory report skipped as cfg Reports:write_memory_map_report is False
Compressor report took 0:00:00.001229 
Fixed route report took 0:00:00.000966 
Load executable app images took 0:00:00.109637 
Sdram usage per chip report took 0:00:00.000518 
Drift report skipped as cfg Reports:write_drift_report_start is False
Create database interface took 0:00:00.037380 
Create notification protocol took 0:00:00.000622 
Runtime Update took 0:00:00.020801 
Application runner took 0:00:00.341267 
Extract IO buff skipped as cfg Reports:extract_iobuf is False
Buffer extractor took 0:00:00.017673 
Clear IO buffer took 0:00:00.000302 
Graph provenance gatherer took 0:00:00.009358 
Placements provenance gatherer took 0:00:00.065923 
Router provenance gatherer took 0:00:00.051983 
Profile data gatherer took 0:00:00.000765 
Energy report skipped as cfg Reports:write_energy_report is False
Redundant packet count report took 0:00:00.004228 
Drift report skipped as cfg Reports:write_drift_report_end is False
Control Sync took 0:00:00.000156 
