SpYNNakerNeuronGraphNetworkSpecificationReport skipped as cfg Reports:write_network_graph is False
Network Specification report took 0:00:00.000251 
Splitter reset took 0:00:00.000006 
Spynnaker splitter selector took 0:00:00.000108 
DelaySupportAdder took 0:00:00.000171 
Splitter partitioner took 0:00:00.000628 
Machine generator took 0:00:00.014187 
Json machine skipped as cfg Reports:write_json_machine is False
Board chip report took 0:00:00.000347 
Command Sender Adder took 0:00:00.000087 
Split Live Gather Vertices took 0:00:00.000010 
Insert chip power monitors skipped as cfg Reports:write_energy_report is False
Insert extra monitor vertices took 0:00:00.000008 
Partitioner report took 0:00:00.000297 
Local TDMA builder took 0:00:00.000037 
Application Placer took 0:00:00.000342 
Placements wth application graph report took 0:00:00.000810 
Json placements skipped as cfg Reports:write_json_placements is False
System multicast routing generator took 0:00:00.000199 
Fixed route router took 0:00:00.000118 
Application Router took 0:00:00.000287 
Basic tag allocator took 0:00:00.000134 
Tag allocator report took 0:00:00.000256 
Zoned routing info allocator took 0:00:00.000229 
Router info report took 0:00:00.000298 
Merged routing table generator took 0:00:00.000115 
Uncompressed routing table report took 0:00:00.000394 
Router report skipped as cfg Reports:write_router_reports is False
Router summary report skipped as cfg Reports:write_router_summary_report is False
Json routing tables skipped as cfg Reports:write_json_routing_tables is False
Locate executable start type took 0:00:00.000044 
Buffer manager creator took 0:00:00.000019 
Write Neo Metadata took 0:00:00.012913 
Record vertex labels to database took 0:00:00.002463 
Routing setup took 0:00:00.773580 
Graph binary gatherer took 0:00:00.000459 
Pair on chip router compression skipped as Tables already small enough
SDRAM outgoing partition allocator took 0:00:00.000103 
Graph data specification writer took 0:00:00.048474 
Control Sync took 0:00:00.000191 
Load fixed routes took 0:00:00.164028 
Load system data specification took 0:00:01.039990 
Load executable system Images took 0:00:00.079598 
Tags Loader took 0:00:00.599147 
Load Application data specification took 0:00:00.554512 
Neuron expander took 0:00:00.564060 
Synapse expander took 0:00:00.566914 
Finish connection holders took 0:00:00.000245 
Routing table loader took 0:00:00.000791 
Bitfield compressor report skipped as cfg Reports:write_bit_field_compressor_report is False
Tags from machine report took 0:00:00.002234 
Memory report skipped as cfg Reports:write_memory_map_report is False
Memory report skipped as cfg Reports:write_memory_map_report is False
Compressor report took 0:00:00.001178 
Fixed route report took 0:00:00.001397 
Load executable app images took 0:00:00.116410 
Sdram usage per chip report took 0:00:00.000537 
Drift report skipped as cfg Reports:write_drift_report_start is False
Create database interface took 0:00:00.038211 
Create notification protocol took 0:00:00.000586 
Runtime Update took 0:00:00.021371 
Application runner took 0:00:00.455459 
Extract IO buff skipped as cfg Reports:extract_iobuf is False
Buffer extractor took 0:00:00.022076 
Clear IO buffer took 0:00:00.000331 
Graph provenance gatherer took 0:00:00.009730 
Placements provenance gatherer took 0:00:00.057202 
Router provenance gatherer took 0:00:00.041497 
Profile data gatherer took 0:00:00.281397 
Energy report skipped as cfg Reports:write_energy_report is False
Redundant packet count report took 0:00:00.007643 
Drift report skipped as cfg Reports:write_drift_report_end is False
Control Sync took 0:00:00.113764 
