SpYNNakerNeuronGraphNetworkSpecificationReport skipped as cfg Reports:write_network_graph is False
Network Specification report took 0:00:00.000297 
Splitter reset took 0:00:00.000011 
Spynnaker splitter selector took 0:00:00.000215 
DelaySupportAdder took 0:00:00.000334 
Splitter partitioner took 0:00:00.001221 
Machine generator took 0:00:00.020548 
Json machine skipped as cfg Reports:write_json_machine is False
Board chip report took 0:00:00.000506 
Command Sender Adder took 0:00:00.000176 
Split Live Gather Vertices took 0:00:00.000013 
Insert chip power monitors skipped as cfg Reports:write_energy_report is False
Insert extra monitor vertices took 0:00:00.000016 
Partitioner report took 0:00:00.000420 
Local TDMA builder took 0:00:00.000087 
Application Placer took 0:00:00.000545 
Placements wth application graph report took 0:00:00.001033 
Json placements skipped as cfg Reports:write_json_placements is False
System multicast routing generator took 0:00:00.000352 
Fixed route router took 0:00:00.000237 
Application Router took 0:00:00.000673 
Basic tag allocator took 0:00:00.000299 
Tag allocator report took 0:00:00.000384 
Zoned routing info allocator took 0:00:00.000474 
Router info report took 0:00:00.000493 
Merged routing table generator took 0:00:00.000240 
Uncompressed routing table report took 0:00:00.000515 
Router report skipped as cfg Reports:write_router_reports is False
Router summary report skipped as cfg Reports:write_router_summary_report is False
Json routing tables skipped as cfg Reports:write_json_routing_tables is False
Locate executable start type took 0:00:00.000099 
Buffer manager creator took 0:00:00.000081 
Write Neo Metadata took 0:00:00.013367 
Record vertex labels to database took 0:00:00.002083 
Routing setup took 0:00:00.002125 
Graph binary gatherer took 0:00:00.000680 
Pair on chip router compression skipped as Tables already small enough
SDRAM outgoing partition allocator took 0:00:00.000170 
Graph data specification writer took 0:00:00.046686 
Control Sync took 0:00:00.000284 
Load fixed routes took 0:00:00.001118 
Load system data specification took 0:00:00.017633 
Load executable system Images took 0:00:00.078886 
Tags Loader took 0:00:00.004199 
Load Application data specification took 0:00:00.408719 
Neuron expander took 0:00:00.559626 
Synapse expander took 0:00:00.595401 
Finish connection holders took 0:00:00.000396 
Routing table loader took 0:00:00.001318 
Bitfield compressor report skipped as cfg Reports:write_bit_field_compressor_report is False
Tags from machine report took 0:00:00.002356 
Memory report skipped as cfg Reports:write_memory_map_report is False
Memory report skipped as cfg Reports:write_memory_map_report is False
Compressor report took 0:00:00.002260 
Fixed route report took 0:00:00.001408 
Load executable app images took 0:00:00.117740 
Sdram usage per chip report took 0:00:00.001529 
Drift report skipped as cfg Reports:write_drift_report_start is False
Create database interface took 0:00:00.042698 
Create notification protocol took 0:00:00.000677 
Runtime Update took 0:00:00.021539 
Application runner took 0:00:01.213167 
Extract IO buff skipped as cfg Reports:extract_iobuf is False
Buffer extractor took 0:00:00.031292 
Clear IO buffer took 0:00:00.000436 
Graph provenance gatherer took 0:00:00.008762 
Placements provenance gatherer took 0:00:00.057412 
Router provenance gatherer took 0:00:01.063406 
Profile data gatherer took 0:00:00.001158 
Energy report skipped as cfg Reports:write_energy_report is False
Redundant packet count report took 0:00:00.004361 
Drift report skipped as cfg Reports:write_drift_report_end is False
Control Sync took 0:00:00.000277 
