SpYNNakerNeuronGraphNetworkSpecificationReport skipped as cfg Reports:write_network_graph is False
Network Specification report took 0:00:00.000308 
Splitter reset took 0:00:00.000011 
Spynnaker splitter selector took 0:00:00.000211 
DelaySupportAdder took 0:00:00.000333 
Splitter partitioner took 0:00:00.001262 
Machine generator took 0:00:00.020410 
Json machine skipped as cfg Reports:write_json_machine is False
Board chip report took 0:00:00.000516 
Command Sender Adder took 0:00:00.000172 
Split Live Gather Vertices took 0:00:00.000010 
Insert chip power monitors skipped as cfg Reports:write_energy_report is False
Insert extra monitor vertices took 0:00:00.000015 
Partitioner report took 0:00:00.000406 
Local TDMA builder took 0:00:00.000082 
Application Placer took 0:00:00.000538 
Placements wth application graph report took 0:00:00.001034 
Json placements skipped as cfg Reports:write_json_placements is False
System multicast routing generator took 0:00:00.000342 
Fixed route router took 0:00:00.000232 
Application Router took 0:00:00.000677 
Basic tag allocator took 0:00:00.000331 
Tag allocator report took 0:00:00.000374 
Zoned routing info allocator took 0:00:00.000483 
Router info report took 0:00:00.000450 
Merged routing table generator took 0:00:00.000238 
Uncompressed routing table report took 0:00:00.000520 
Router report skipped as cfg Reports:write_router_reports is False
Router summary report skipped as cfg Reports:write_router_summary_report is False
Json routing tables skipped as cfg Reports:write_json_routing_tables is False
Locate executable start type took 0:00:00.000097 
Buffer manager creator took 0:00:00.000039 
Write Neo Metadata took 0:00:00.021649 
Record vertex labels to database took 0:00:00.002190 
Routing setup took 0:00:00.001940 
Graph binary gatherer took 0:00:00.000676 
Pair on chip router compression skipped as Tables already small enough
SDRAM outgoing partition allocator took 0:00:00.000171 
Graph data specification writer took 0:00:00.044172 
Control Sync took 0:00:00.000272 
Load fixed routes took 0:00:00.001127 
Load system data specification took 0:00:00.017526 
Load executable system Images took 0:00:00.079142 
Tags Loader took 0:00:00.004128 
Load Application data specification took 0:00:00.407162 
Neuron expander took 0:00:00.705411 
Synapse expander took 0:00:00.585271 
Finish connection holders took 0:00:00.000641 
Routing table loader took 0:00:00.001248 
Bitfield compressor report skipped as cfg Reports:write_bit_field_compressor_report is False
Tags from machine report took 0:00:00.004294 
Memory report skipped as cfg Reports:write_memory_map_report is False
Memory report skipped as cfg Reports:write_memory_map_report is False
Compressor report took 0:00:00.002511 
Fixed route report took 0:00:00.001247 
Load executable app images took 0:00:00.114103 
Sdram usage per chip report took 0:00:00.000780 
Drift report skipped as cfg Reports:write_drift_report_start is False
Create database interface took 0:00:00.040686 
Create notification protocol took 0:00:00.000701 
Runtime Update took 0:00:00.021330 
Application runner took 0:00:01.233486 
Extract IO buff skipped as cfg Reports:extract_iobuf is False
Buffer extractor took 0:00:00.025872 
Clear IO buffer took 0:00:00.000514 
Graph provenance gatherer took 0:00:00.009304 
Placements provenance gatherer took 0:00:00.065446 
Router provenance gatherer took 0:00:00.037306 
Profile data gatherer took 0:00:00.001161 
Energy report skipped as cfg Reports:write_energy_report is False
Redundant packet count report took 0:00:00.004052 
Drift report skipped as cfg Reports:write_drift_report_end is False
Control Sync took 0:00:00.000225 
